2024.08.18 20:08:07 INFO  Started: Metals version 1.3.5 in folders 'D:\UCSC\Year 02\Y2S1\Functional Programming\Practicals\9' for client Visual Studio Code 1.92.1.
SLF4J(W): Class path contains multiple SLF4J providers.
SLF4J(W): Found provider [scribe.slf4j.ScribeServiceProvider@1e361c08]
SLF4J(W): Found provider [ch.qos.logback.classic.spi.LogbackServiceProvider@595760c0]
SLF4J(W): See https://www.slf4j.org/codes.html#multiple_bindings for an explanation.
SLF4J(I): Actual provider is of type [scribe.slf4j.ScribeServiceProvider@1e361c08]
2024.08.18 20:08:07 WARN  Flyway upgrade recommended: H2 2.3.230 is newer than this version of Flyway and support has not been tested. The latest supported version of H2 is 2.2.220.
2024.08.18 20:08:08 INFO  no build target found for D:\UCSC\Year 02\Y2S1\Functional Programming\Practicals\9\Q1.scala. Using presentation compiler with project's scala-library version: 3.3.3
2024.08.18 20:08:11 INFO  Running List(C:\Users\manet\AppData\Local\Coursier\data\bin\scala-cli.BAT, setup-ide, D:\UCSC\Year 02\Y2S1\Functional Programming\Practicals\9)
2024.08.18 20:08:11 INFO  Attempting to connect to the build server...
2024.08.18 20:08:11 INFO  Running BSP server List(C:\Users\manet\AppData\Local\Coursier\data\bin\.scala-cli.aux.exe, bsp, --json-options, D:\UCSC\Year 02\Y2S1\Functional Programming\Practicals\9\.scala-build\ide-options-v2.json, --json-launcher-options, D:\UCSC\Year 02\Y2S1\Functional Programming\Practicals\9\.scala-build\ide-launcher-options.json, --envs-file, D:\UCSC\Year 02\Y2S1\Functional Programming\Practicals\9\.scala-build\ide-envs.json, D:\UCSC\Year 02\Y2S1\Functional Programming\Practicals\9)
2024.08.18 20:08:11 INFO  tracing is disabled for protocol BSP, to enable tracing of incoming and outgoing JSON messages create an empty file at D:\UCSC\Year 02\Y2S1\Functional Programming\Practicals\9\.metals\bsp.trace.json or C:\Users\manet\AppData\Local\scalameta\metals\cache\bsp.trace.json
2024.08.18 20:08:12 INFO  no build target found for D:\UCSC\Year 02\Y2S1\Functional Programming\Practicals\9\Q1.scala. Using presentation compiler with project's scala-library version: 3.3.3
Aug 18, 2024 8:08:12 PM org.eclipse.lsp4j.jsonrpc.RemoteEndpoint handleCancellation
WARNING: Unmatched cancel notification for request id 1
Aug 18, 2024 8:08:12 PM org.eclipse.lsp4j.jsonrpc.RemoteEndpoint handleCancellation
WARNING: Unmatched cancel notification for request id 6
Aug 18, 2024 8:08:12 PM org.eclipse.lsp4j.jsonrpc.RemoteEndpoint handleCancellation
WARNING: Unmatched cancel notification for request id 7
2024.08.18 20:08:12 INFO  no build target found for D:\UCSC\Year 02\Y2S1\Functional Programming\Practicals\9\Q1.scala. Using presentation compiler with project's scala-library version: 3.3.3
Aug 18, 2024 8:08:12 PM org.eclipse.lsp4j.jsonrpc.RemoteEndpoint handleCancellation
WARNING: Unmatched cancel notification for request id 12
2024.08.18 20:08:12 INFO  no build target found for D:\UCSC\Year 02\Y2S1\Functional Programming\Practicals\9\Q1.scala. Using presentation compiler with project's scala-library version: 3.3.3
Aug 18, 2024 8:08:13 PM org.eclipse.lsp4j.jsonrpc.RemoteEndpoint handleCancellation
WARNING: Unmatched cancel notification for request id 13
Aug 18, 2024 8:08:13 PM org.eclipse.lsp4j.jsonrpc.RemoteEndpoint handleCancellation
WARNING: Unmatched cancel notification for request id 9
Aug 18, 2024 8:08:13 PM org.eclipse.lsp4j.jsonrpc.RemoteEndpoint handleCancellation
WARNING: Unmatched cancel notification for request id 14
2024.08.18 20:08:12 INFO  no build target found for D:\UCSC\Year 02\Y2S1\Functional Programming\Practicals\9\Q1.scala. Using presentation compiler with project's scala-library version: 3.3.3
2024.08.18 20:08:12 INFO  no build target found for D:\UCSC\Year 02\Y2S1\Functional Programming\Practicals\9\Q1.scala. Using presentation compiler with project's scala-library version: 3.3.3
Aug 18, 2024 8:08:13 PM org.eclipse.lsp4j.jsonrpc.RemoteEndpoint handleCancellation
WARNING: Unmatched cancel notification for request id 18
2024.08.18 20:08:12 INFO  no build target found for D:\UCSC\Year 02\Y2S1\Functional Programming\Practicals\9\Q1.scala. Using presentation compiler with project's scala-library version: 3.3.3
2024.08.18 20:08:12 INFO  no build target found for D:\UCSC\Year 02\Y2S1\Functional Programming\Practicals\9\Q1.scala. Using presentation compiler with project's scala-library version: 3.3.3
2024.08.18 20:08:12 INFO  no build target found for D:\UCSC\Year 02\Y2S1\Functional Programming\Practicals\9\Q1.scala. Using presentation compiler with project's scala-library version: 3.3.3
2024.08.18 20:08:12 INFO  no build target found for D:\UCSC\Year 02\Y2S1\Functional Programming\Practicals\9\Q1.scala. Using presentation compiler with project's scala-library version: 3.3.3
2024.08.18 20:08:12 INFO  no build target found for D:\UCSC\Year 02\Y2S1\Functional Programming\Practicals\9\Q1.scala. Using presentation compiler with project's scala-library version: 3.3.3
2024.08.18 20:08:12 INFO  no build target found for D:\UCSC\Year 02\Y2S1\Functional Programming\Practicals\9\Q1.scala. Using presentation compiler with project's scala-library version: 3.3.3
2024.08.18 20:08:12 INFO  no build target found for D:\UCSC\Year 02\Y2S1\Functional Programming\Practicals\9\Q1.scala. Using presentation compiler with project's scala-library version: 3.3.3
2024.08.18 20:08:13 INFO  BSP server: Starting compilation server
2024.08.18 20:08:14 INFO  no build target found for D:\UCSC\Year 02\Y2S1\Functional Programming\Practicals\9\Q1.scala. Using presentation compiler with project's scala-library version: 3.3.3
2024.08.18 20:08:14 INFO  no build target found for D:\UCSC\Year 02\Y2S1\Functional Programming\Practicals\9\Q1.scala. Using presentation compiler with project's scala-library version: 3.3.3
2024.08.18 20:08:14 INFO  no build target found for D:\UCSC\Year 02\Y2S1\Functional Programming\Practicals\9\Q1.scala. Using presentation compiler with project's scala-library version: 3.3.3
2024.08.18 20:08:15 INFO  no build target found for D:\UCSC\Year 02\Y2S1\Functional Programming\Practicals\9\Q1.scala. Using presentation compiler with project's scala-library version: 3.3.3
2024.08.18 20:08:15 INFO  no build target found for D:\UCSC\Year 02\Y2S1\Functional Programming\Practicals\9\Q1.scala. Using presentation compiler with project's scala-library version: 3.3.3
2024.08.18 20:08:15 INFO  no build target found for D:\UCSC\Year 02\Y2S1\Functional Programming\Practicals\9\Q1.scala. Using presentation compiler with project's scala-library version: 3.3.3
2024.08.18 20:08:15 INFO  no build target found for D:\UCSC\Year 02\Y2S1\Functional Programming\Practicals\9\Q1.scala. Using presentation compiler with project's scala-library version: 3.3.3
2024.08.18 20:08:17 INFO  no build target found for D:\UCSC\Year 02\Y2S1\Functional Programming\Practicals\9\Q1.scala. Using presentation compiler with project's scala-library version: 3.3.3
2024.08.18 20:08:17 INFO  no build target found for D:\UCSC\Year 02\Y2S1\Functional Programming\Practicals\9\Q1.scala. Using presentation compiler with project's scala-library version: 3.3.3
2024.08.18 20:08:17 INFO  no build target found for D:\UCSC\Year 02\Y2S1\Functional Programming\Practicals\9\Q1.scala. Using presentation compiler with project's scala-library version: 3.3.3
2024.08.18 20:08:17 INFO  no build target found for D:\UCSC\Year 02\Y2S1\Functional Programming\Practicals\9\Q1.scala. Using presentation compiler with project's scala-library version: 3.3.3
2024.08.18 20:08:17 INFO  no build target found for D:\UCSC\Year 02\Y2S1\Functional Programming\Practicals\9\Q1.scala. Using presentation compiler with project's scala-library version: 3.3.3
2024.08.18 20:08:17 INFO  no build target found for D:\UCSC\Year 02\Y2S1\Functional Programming\Practicals\9\Q1.scala. Using presentation compiler with project's scala-library version: 3.3.3
2024.08.18 20:08:17 INFO  no build target found for D:\UCSC\Year 02\Y2S1\Functional Programming\Practicals\9\Q1.scala. Using presentation compiler with project's scala-library version: 3.3.3
2024.08.18 20:08:17 INFO  no build target found for D:\UCSC\Year 02\Y2S1\Functional Programming\Practicals\9\Q1.scala. Using presentation compiler with project's scala-library version: 3.3.3
2024.08.18 20:08:17 INFO  no build target found for D:\UCSC\Year 02\Y2S1\Functional Programming\Practicals\9\Q1.scala. Using presentation compiler with project's scala-library version: 3.3.3
2024.08.18 20:08:17 INFO  no build target found for D:\UCSC\Year 02\Y2S1\Functional Programming\Practicals\9\Q1.scala. Using presentation compiler with project's scala-library version: 3.3.3
2024.08.18 20:08:17 INFO  no build target found for D:\UCSC\Year 02\Y2S1\Functional Programming\Practicals\9\Q1.scala. Using presentation compiler with project's scala-library version: 3.3.3
2024.08.18 20:08:17 INFO  no build target found for D:\UCSC\Year 02\Y2S1\Functional Programming\Practicals\9\Q1.scala. Using presentation compiler with project's scala-library version: 3.3.3
2024.08.18 20:08:17 INFO  no build target found for D:\UCSC\Year 02\Y2S1\Functional Programming\Practicals\9\Q1.scala. Using presentation compiler with project's scala-library version: 3.3.3
2024.08.18 20:08:17 INFO  no build target found for D:\UCSC\Year 02\Y2S1\Functional Programming\Practicals\9\Q1.scala. Using presentation compiler with project's scala-library version: 3.3.3
2024.08.18 20:08:18 INFO  no build target found for D:\UCSC\Year 02\Y2S1\Functional Programming\Practicals\9\Q1.scala. Using presentation compiler with project's scala-library version: 3.3.3
2024.08.18 20:08:19 INFO  no build target found for D:\UCSC\Year 02\Y2S1\Functional Programming\Practicals\9\Q1.scala. Using presentation compiler with project's scala-library version: 3.3.3
2024.08.18 20:08:19 INFO  no build target found for D:\UCSC\Year 02\Y2S1\Functional Programming\Practicals\9\Q1.scala. Using presentation compiler with project's scala-library version: 3.3.3
2024.08.18 20:08:19 INFO  no build target found for D:\UCSC\Year 02\Y2S1\Functional Programming\Practicals\9\Q1.scala. Using presentation compiler with project's scala-library version: 3.3.3
2024.08.18 20:08:20 INFO  no build target found for D:\UCSC\Year 02\Y2S1\Functional Programming\Practicals\9\Q1.scala. Using presentation compiler with project's scala-library version: 3.3.3
2024.08.18 20:08:20 INFO  no build target found for D:\UCSC\Year 02\Y2S1\Functional Programming\Practicals\9\Q1.scala. Using presentation compiler with project's scala-library version: 3.3.3
2024.08.18 20:08:20 INFO  no build target found for D:\UCSC\Year 02\Y2S1\Functional Programming\Practicals\9\Q1.scala. Using presentation compiler with project's scala-library version: 3.3.3
2024.08.18 20:08:20 INFO  no build target found for D:\UCSC\Year 02\Y2S1\Functional Programming\Practicals\9\Q1.scala. Using presentation compiler with project's scala-library version: 3.3.3
2024.08.18 20:08:20 INFO  no build target found for D:\UCSC\Year 02\Y2S1\Functional Programming\Practicals\9\Q1.scala. Using presentation compiler with project's scala-library version: 3.3.3
2024.08.18 20:08:20 INFO  no build target found for D:\UCSC\Year 02\Y2S1\Functional Programming\Practicals\9\Q1.scala. Using presentation compiler with project's scala-library version: 3.3.3
2024.08.18 20:08:20 INFO  no build target found for D:\UCSC\Year 02\Y2S1\Functional Programming\Practicals\9\Q1.scala. Using presentation compiler with project's scala-library version: 3.3.3
2024.08.18 20:08:20 INFO  no build target found for D:\UCSC\Year 02\Y2S1\Functional Programming\Practicals\9\Q1.scala. Using presentation compiler with project's scala-library version: 3.3.3
2024.08.18 20:08:21 INFO  no build target found for D:\UCSC\Year 02\Y2S1\Functional Programming\Practicals\9\Q1.scala. Using presentation compiler with project's scala-library version: 3.3.3
2024.08.18 20:08:21 INFO  no build target found for D:\UCSC\Year 02\Y2S1\Functional Programming\Practicals\9\Q1.scala. Using presentation compiler with project's scala-library version: 3.3.3
2024.08.18 20:08:24 INFO  time: Connected to build server in 12s
2024.08.18 20:08:24 INFO  Connected to Build server: scala-cli v1.3.2
2024.08.18 20:08:25 INFO  no build target found for D:\UCSC\Year 02\Y2S1\Functional Programming\Practicals\9\Q1.scala. Using presentation compiler with project's scala-library version: 3.3.3
2024.08.18 20:08:25 INFO  compiling 9_eabf8badfb (1 scala source)
2024.08.18 20:08:25 INFO  no build target found for D:\UCSC\Year 02\Y2S1\Functional Programming\Practicals\9\Q1.scala. Using presentation compiler with project's scala-library version: 3.3.3
2024.08.18 20:08:26 INFO  no build target found for D:\UCSC\Year 02\Y2S1\Functional Programming\Practicals\9\Q1.scala. Using presentation compiler with project's scala-library version: 3.3.3
2024.08.18 20:08:26 INFO  no build target found for D:\UCSC\Year 02\Y2S1\Functional Programming\Practicals\9\Q1.scala. Using presentation compiler with project's scala-library version: 3.3.3
2024.08.18 20:08:26 INFO  no build target found for D:\UCSC\Year 02\Y2S1\Functional Programming\Practicals\9\Q1.scala. Using presentation compiler with project's scala-library version: 3.3.3
2024.08.18 20:08:26 INFO  no build target found for D:\UCSC\Year 02\Y2S1\Functional Programming\Practicals\9\Q1.scala. Using presentation compiler with project's scala-library version: 3.3.3
2024.08.18 20:08:26 INFO  no build target found for D:\UCSC\Year 02\Y2S1\Functional Programming\Practicals\9\Q1.scala. Using presentation compiler with project's scala-library version: 3.3.3
2024.08.18 20:08:27 INFO  time: Imported build in 3.15s
2024.08.18 20:08:27 INFO  running doctor check
2024.08.18 20:08:27 INFO  java targets: 9_eabf8badfb-test, 9_eabf8badfb
2024.08.18 20:08:31 WARN  Flyway upgrade recommended: H2 2.3.230 is newer than this version of Flyway and support has not been tested. The latest supported version of H2 is 2.2.220.
2024.08.18 20:08:34 INFO  time: indexed workspace in 6.79s
Aug 18, 2024 8:08:39 PM org.eclipse.lsp4j.jsonrpc.RemoteEndpoint handleCancellation
WARNING: Unmatched cancel notification for request id 214
Aug 18, 2024 8:08:41 PM org.eclipse.lsp4j.jsonrpc.RemoteEndpoint handleCancellation
WARNING: Unmatched cancel notification for request id 234
Aug 18, 2024 8:12:20 PM scala.meta.internal.pc.CompilerAccess handleError
SEVERE: A severe compiler error occurred, full details of the error can be found in the error report D:\UCSC\Year 02\Y2S1\Functional Programming\Practicals\9\.metals\.reports\metals-full\2024-08-18\r_compiler-error_(9_eabf8badfb)_20-12-20-354.md
Aug 18, 2024 8:12:20 PM scala.meta.internal.pc.CompilerAccess handleError
SEVERE: A severe compiler error occurred, full details of the error can be found in the error report D:\UCSC\Year 02\Y2S1\Functional Programming\Practicals\9\.metals\.reports\metals-full\2024-08-18\r_compiler-error_(9_eabf8badfb)_20-12-20-651.md
Aug 18, 2024 8:12:21 PM scala.meta.internal.pc.CompilerAccess handleError
SEVERE: A severe compiler error occurred, full details of the error can be found in the error report D:\UCSC\Year 02\Y2S1\Functional Programming\Practicals\9\.metals\.reports\metals-full\2024-08-18\r_compiler-error_(9_eabf8badfb)_20-12-21-050.md
2024.08.18 20:15:54 INFO  compiling 9_eabf8badfb (1 scala source)
2024.08.18 20:15:56 INFO  time: compiled 9_eabf8badfb in 1.65s
Aug 18, 2024 8:16:33 PM org.eclipse.lsp4j.jsonrpc.RemoteEndpoint handleCancellation
WARNING: Unmatched cancel notification for request id 1391
Aug 18, 2024 8:17:30 PM org.eclipse.lsp4j.jsonrpc.RemoteEndpoint handleCancellation
WARNING: Unmatched cancel notification for request id 1618
2024.08.18 20:17:41 WARN  Could not find semantic tokens for: file:///D:/UCSC/Year%2002/Y2S1/Functional%20Programming/Practicals/9/Q1.scala
2024.08.18 20:19:31 INFO  Shutting down server
2024.08.18 20:19:31 INFO  shutting down Metals
2024.08.18 20:19:31 INFO  Shut down connection with build server.
2024.08.18 20:19:31 INFO  Cancelling compilation on scala-cli server
2024.08.18 20:19:31 INFO  Exiting server
2024.08.18 20:20:43 INFO  Started: Metals version 1.3.5 in folders 'D:\UCSC\Year 02\Y2S1\Functional Programming\Practicals\9' for client Visual Studio Code 1.92.1.
SLF4J(W): Class path contains multiple SLF4J providers.
SLF4J(W): Found provider [scribe.slf4j.ScribeServiceProvider@5f09885a]
SLF4J(W): Found provider [ch.qos.logback.classic.spi.LogbackServiceProvider@5f5a4fd7]
SLF4J(W): See https://www.slf4j.org/codes.html#multiple_bindings for an explanation.
SLF4J(I): Actual provider is of type [scribe.slf4j.ScribeServiceProvider@5f09885a]
2024.08.18 20:20:46 WARN  Flyway upgrade recommended: H2 2.3.230 is newer than this version of Flyway and support has not been tested. The latest supported version of H2 is 2.2.220.
Aug 18, 2024 8:20:47 PM org.eclipse.lsp4j.jsonrpc.RemoteEndpoint handleCancellation
WARNING: Unmatched cancel notification for request id 1
2024.08.18 20:20:46 INFO  no build target found for D:\UCSC\Year 02\Y2S1\Functional Programming\Practicals\9\Q1.scala. Using presentation compiler with project's scala-library version: 3.3.3
2024.08.18 20:20:47 INFO  no build target found for D:\UCSC\Year 02\Y2S1\Functional Programming\Practicals\9\Q1.scala. Using presentation compiler with project's scala-library version: 3.3.3
2024.08.18 20:20:47 INFO  Attempting to connect to the build server...
2024.08.18 20:20:47 INFO  Running BSP server List(C:\Users\manet\AppData\Local\Coursier\data\bin\.scala-cli.aux.exe, bsp, --json-options, D:\UCSC\Year 02\Y2S1\Functional Programming\Practicals\9\.scala-build\ide-options-v2.json, --json-launcher-options, D:\UCSC\Year 02\Y2S1\Functional Programming\Practicals\9\.scala-build\ide-launcher-options.json, --envs-file, D:\UCSC\Year 02\Y2S1\Functional Programming\Practicals\9\.scala-build\ide-envs.json, D:\UCSC\Year 02\Y2S1\Functional Programming\Practicals\9)
2024.08.18 20:20:47 INFO  tracing is disabled for protocol BSP, to enable tracing of incoming and outgoing JSON messages create an empty file at D:\UCSC\Year 02\Y2S1\Functional Programming\Practicals\9\.metals\bsp.trace.json or C:\Users\manet\AppData\Local\scalameta\metals\cache\bsp.trace.json
Aug 18, 2024 8:20:48 PM org.eclipse.lsp4j.jsonrpc.RemoteEndpoint handleCancellation
WARNING: Unmatched cancel notification for request id 2
2024.08.18 20:20:48 INFO  no build target found for D:\UCSC\Year 02\Y2S1\Functional Programming\Practicals\9\Q1.scala. Using presentation compiler with project's scala-library version: 3.3.3
2024.08.18 20:20:48 INFO  no build target found for D:\UCSC\Year 02\Y2S1\Functional Programming\Practicals\9\Q1.scala. Using presentation compiler with project's scala-library version: 3.3.3
2024.08.18 20:20:48 INFO  no build target found for D:\UCSC\Year 02\Y2S1\Functional Programming\Practicals\9\Q1.scala. Using presentation compiler with project's scala-library version: 3.3.3
2024.08.18 20:20:50 INFO  no build target found for D:\UCSC\Year 02\Y2S1\Functional Programming\Practicals\9\Q1.scala. Using presentation compiler with project's scala-library version: 3.3.3
2024.08.18 20:20:50 INFO  no build target found for D:\UCSC\Year 02\Y2S1\Functional Programming\Practicals\9\Q1.scala. Using presentation compiler with project's scala-library version: 3.3.3
2024.08.18 20:20:50 INFO  no build target found for D:\UCSC\Year 02\Y2S1\Functional Programming\Practicals\9\Q1.scala. Using presentation compiler with project's scala-library version: 3.3.3
2024.08.18 20:20:50 INFO  no build target found for D:\UCSC\Year 02\Y2S1\Functional Programming\Practicals\9\Q1.scala. Using presentation compiler with project's scala-library version: 3.3.3
2024.08.18 20:20:50 INFO  no build target found for D:\UCSC\Year 02\Y2S1\Functional Programming\Practicals\9\Q1.scala. Using presentation compiler with project's scala-library version: 3.3.3
2024.08.18 20:20:51 INFO  time: Connected to build server in 3.74s
2024.08.18 20:20:51 INFO  Connected to Build server: scala-cli v1.3.2
2024.08.18 20:20:51 INFO  running doctor check
2024.08.18 20:20:51 INFO  java targets: 9_eabf8badfb-test, 9_eabf8badfb
2024.08.18 20:20:51 INFO  compiling 9_eabf8badfb (1 scala source)
2024.08.18 20:20:51 INFO  time: compiled 9_eabf8badfb in 0.34s
2024.08.18 20:20:51 INFO  compiling 9_eabf8badfb (1 scala source)
2024.08.18 20:20:51 INFO  time: compiled 9_eabf8badfb in 0.17s
2024.08.18 20:20:52 WARN  Flyway upgrade recommended: H2 2.3.230 is newer than this version of Flyway and support has not been tested. The latest supported version of H2 is 2.2.220.
2024.08.18 20:20:52 INFO  time: indexed workspace in 2.22s
2024.08.18 20:20:53 INFO  compiling 9_eabf8badfb (1 scala source)
2024.08.18 20:20:53 INFO  time: compiled 9_eabf8badfb in 0.2s
2024.08.18 20:20:53 INFO  compiling 9_eabf8badfb (1 scala source)
2024.08.18 20:20:53 INFO  time: compiled 9_eabf8badfb in 0.17s
Aug 18, 2024 8:23:36 PM org.eclipse.lsp4j.jsonrpc.RemoteEndpoint handleCancellation
WARNING: Unmatched cancel notification for request id 736
Aug 18, 2024 8:23:45 PM org.eclipse.lsp4j.jsonrpc.RemoteEndpoint handleCancellation
WARNING: Unmatched cancel notification for request id 830
Aug 18, 2024 8:23:50 PM org.eclipse.lsp4j.jsonrpc.RemoteEndpoint handleCancellation
WARNING: Unmatched cancel notification for request id 884
Aug 18, 2024 8:23:59 PM org.eclipse.lsp4j.jsonrpc.RemoteEndpoint handleCancellation
WARNING: Unmatched cancel notification for request id 961
2024.08.18 20:25:58 INFO  compiling 9_eabf8badfb (1 scala source)
2024.08.18 20:25:58 INFO  time: compiled 9_eabf8badfb in 0.34s
2024.08.18 20:27:01 INFO  compiling 9_eabf8badfb (1 scala source)
2024.08.18 20:27:01 INFO  time: compiled 9_eabf8badfb in 0.24s
2024.08.18 20:27:42 INFO  compiling 9_eabf8badfb (1 scala source)
2024.08.18 20:27:42 INFO  time: compiled 9_eabf8badfb in 0.26s
2024.08.18 20:29:30 INFO  compiling 9_eabf8badfb (1 scala source)
2024.08.18 20:29:30 INFO  time: compiled 9_eabf8badfb in 0.26s
2024.08.18 20:37:57 INFO  compiling 9_eabf8badfb (1 scala source)
2024.08.18 20:37:57 INFO  time: compiled 9_eabf8badfb in 0.26s
2024.08.18 20:38:44 INFO  compiling 9_eabf8badfb (1 scala source)
2024.08.18 20:38:44 INFO  time: compiled 9_eabf8badfb in 0.23s
Aug 18, 2024 8:40:12 PM org.eclipse.lsp4j.jsonrpc.RemoteEndpoint handleCancellation
WARNING: Unmatched cancel notification for request id 2675
Aug 18, 2024 8:40:46 PM org.eclipse.lsp4j.jsonrpc.RemoteEndpoint handleCancellation
WARNING: Unmatched cancel notification for request id 2849
2024.08.18 20:41:06 INFO  compiling 9_eabf8badfb (1 scala source)
2024.08.18 20:41:06 INFO  time: compiled 9_eabf8badfb in 0.14s
2024.08.18 20:41:15 INFO  compiling 9_eabf8badfb (1 scala source)
2024.08.18 20:41:15 INFO  time: compiled 9_eabf8badfb in 0.48s
2024.08.18 20:52:09 INFO  Started: Metals version 1.3.5 in folders 'D:\UCSC\Year 02\Y2S1\Functional Programming\Practicals\9' for client Visual Studio Code 1.92.1.
SLF4J(W): Class path contains multiple SLF4J providers.
SLF4J(W): Found provider [scribe.slf4j.ScribeServiceProvider@13e61ee7]
SLF4J(W): Found provider [ch.qos.logback.classic.spi.LogbackServiceProvider@263fd5e2]
SLF4J(W): See https://www.slf4j.org/codes.html#multiple_bindings for an explanation.
SLF4J(I): Actual provider is of type [scribe.slf4j.ScribeServiceProvider@13e61ee7]
2024.08.18 20:52:09 WARN  Flyway upgrade recommended: H2 2.3.230 is newer than this version of Flyway and support has not been tested. The latest supported version of H2 is 2.2.220.
2024.08.18 20:52:10 INFO  Attempting to connect to the build server...
2024.08.18 20:52:10 INFO  Running BSP server List(C:\Users\manet\AppData\Local\Coursier\data\bin\.scala-cli.aux.exe, bsp, --json-options, D:\UCSC\Year 02\Y2S1\Functional Programming\Practicals\9\.scala-build\ide-options-v2.json, --json-launcher-options, D:\UCSC\Year 02\Y2S1\Functional Programming\Practicals\9\.scala-build\ide-launcher-options.json, --envs-file, D:\UCSC\Year 02\Y2S1\Functional Programming\Practicals\9\.scala-build\ide-envs.json, D:\UCSC\Year 02\Y2S1\Functional Programming\Practicals\9)
2024.08.18 20:52:10 INFO  tracing is disabled for protocol BSP, to enable tracing of incoming and outgoing JSON messages create an empty file at D:\UCSC\Year 02\Y2S1\Functional Programming\Practicals\9\.metals\bsp.trace.json or C:\Users\manet\AppData\Local\scalameta\metals\cache\bsp.trace.json
2024.08.18 20:52:12 INFO  no build target found for D:\UCSC\Year 02\Y2S1\Functional Programming\Practicals\9\Q1.scala. Using presentation compiler with project's scala-library version: 3.3.3
2024.08.18 20:52:12 INFO  no build target found for D:\UCSC\Year 02\Y2S1\Functional Programming\Practicals\9\Q2.scala. Using presentation compiler with project's scala-library version: 3.3.3
2024.08.18 20:52:14 INFO  time: Connected to build server in 3.76s
2024.08.18 20:52:14 INFO  Connected to Build server: scala-cli v1.3.2
2024.08.18 20:52:14 INFO  running doctor check
2024.08.18 20:52:14 INFO  java targets: 9_eabf8badfb-test, 9_eabf8badfb
2024.08.18 20:52:14 INFO  compiling 9_eabf8badfb (2 scala sources)
2024.08.18 20:52:14 INFO  time: compiled 9_eabf8badfb in 0.2s
2024.08.18 20:52:14 INFO  compiling 9_eabf8badfb (2 scala sources)
2024.08.18 20:52:14 INFO  time: compiled 9_eabf8badfb in 0.15s
2024.08.18 20:52:17 WARN  Flyway upgrade recommended: H2 2.3.230 is newer than this version of Flyway and support has not been tested. The latest supported version of H2 is 2.2.220.
2024.08.18 20:52:17 INFO  time: indexed workspace in 2.97s
2024.08.18 20:52:17 INFO  Shutting down server
2024.08.18 20:52:17 INFO  shutting down Metals
2024.08.18 20:52:17 INFO  Shut down connection with build server.
2024.08.18 20:52:17 INFO  Cancelling compilation on scala-cli server
2024.08.18 20:52:17 INFO  Exiting server
2024.08.18 20:52:25 INFO  Started: Metals version 1.3.5 in folders 'D:\UCSC\Year 02\Y2S1\Functional Programming\Practicals\9' for client Visual Studio Code 1.92.1.
SLF4J(W): Class path contains multiple SLF4J providers.
SLF4J(W): Found provider [scribe.slf4j.ScribeServiceProvider@3cebf339]
SLF4J(W): Found provider [ch.qos.logback.classic.spi.LogbackServiceProvider@4f71c2af]
SLF4J(W): See https://www.slf4j.org/codes.html#multiple_bindings for an explanation.
SLF4J(I): Actual provider is of type [scribe.slf4j.ScribeServiceProvider@3cebf339]
2024.08.18 20:52:28 WARN  Flyway upgrade recommended: H2 2.3.230 is newer than this version of Flyway and support has not been tested. The latest supported version of H2 is 2.2.220.
2024.08.18 20:52:28 INFO  no build target found for D:\UCSC\Year 02\Y2S1\Functional Programming\Practicals\9\Q2.scala. Using presentation compiler with project's scala-library version: 3.3.3
2024.08.18 20:52:30 INFO  Attempting to connect to the build server...
2024.08.18 20:52:30 INFO  Running BSP server List(C:\Users\manet\AppData\Local\Coursier\data\bin\.scala-cli.aux.exe, bsp, --json-options, D:\UCSC\Year 02\Y2S1\Functional Programming\Practicals\9\.scala-build\ide-options-v2.json, --json-launcher-options, D:\UCSC\Year 02\Y2S1\Functional Programming\Practicals\9\.scala-build\ide-launcher-options.json, --envs-file, D:\UCSC\Year 02\Y2S1\Functional Programming\Practicals\9\.scala-build\ide-envs.json, D:\UCSC\Year 02\Y2S1\Functional Programming\Practicals\9)
2024.08.18 20:52:30 INFO  tracing is disabled for protocol BSP, to enable tracing of incoming and outgoing JSON messages create an empty file at D:\UCSC\Year 02\Y2S1\Functional Programming\Practicals\9\.metals\bsp.trace.json or C:\Users\manet\AppData\Local\scalameta\metals\cache\bsp.trace.json
2024.08.18 20:52:30 INFO  no build target found for D:\UCSC\Year 02\Y2S1\Functional Programming\Practicals\9\Q2.scala. Using presentation compiler with project's scala-library version: 3.3.3
2024.08.18 20:52:31 INFO  no build target found for D:\UCSC\Year 02\Y2S1\Functional Programming\Practicals\9\Q2.scala. Using presentation compiler with project's scala-library version: 3.3.3
2024.08.18 20:52:31 INFO  no build target found for D:\UCSC\Year 02\Y2S1\Functional Programming\Practicals\9\Q2.scala. Using presentation compiler with project's scala-library version: 3.3.3
2024.08.18 20:52:33 INFO  no build target found for D:\UCSC\Year 02\Y2S1\Functional Programming\Practicals\9\Q2.scala. Using presentation compiler with project's scala-library version: 3.3.3
2024.08.18 20:52:33 INFO  no build target found for D:\UCSC\Year 02\Y2S1\Functional Programming\Practicals\9\Q2.scala. Using presentation compiler with project's scala-library version: 3.3.3
2024.08.18 20:52:33 INFO  time: Connected to build server in 3.55s
2024.08.18 20:52:33 INFO  Connected to Build server: scala-cli v1.3.2
2024.08.18 20:52:33 INFO  running doctor check
2024.08.18 20:52:33 INFO  java targets: 9_eabf8badfb-test, 9_eabf8badfb
2024.08.18 20:52:34 INFO  compiling 9_eabf8badfb (2 scala sources)
2024.08.18 20:52:34 INFO  time: compiled 9_eabf8badfb in 0.22s
2024.08.18 20:52:34 INFO  compiling 9_eabf8badfb (2 scala sources)
2024.08.18 20:52:34 INFO  time: compiled 9_eabf8badfb in 0.14s
2024.08.18 20:52:35 WARN  Flyway upgrade recommended: H2 2.3.230 is newer than this version of Flyway and support has not been tested. The latest supported version of H2 is 2.2.220.
2024.08.18 20:52:35 INFO  time: indexed workspace in 2.33s
2024.08.18 20:52:36 INFO  compiling 9_eabf8badfb (2 scala sources)
2024.08.18 20:52:36 INFO  time: compiled 9_eabf8badfb in 0.15s
2024.08.18 20:52:36 INFO  compiling 9_eabf8badfb (2 scala sources)
2024.08.18 20:52:36 INFO  time: compiled 9_eabf8badfb in 0.11s
2024.08.18 20:53:36 INFO  compiling 9_eabf8badfb (2 scala sources)
2024.08.18 20:53:36 INFO  time: compiled 9_eabf8badfb in 0.47s
Aug 18, 2024 8:53:43 PM scala.meta.internal.pc.CompilerAccess handleError
SEVERE: A severe compiler error occurred, full details of the error can be found in the error report D:\UCSC\Year 02\Y2S1\Functional Programming\Practicals\9\.metals\.reports\metals-full\2024-08-18\r_compiler-error_(9_eabf8badfb)_20-53-43-921.md
Aug 18, 2024 8:53:56 PM org.eclipse.lsp4j.jsonrpc.RemoteEndpoint handleCancellation
WARNING: Unmatched cancel notification for request id 211
Aug 18, 2024 8:54:35 PM scala.meta.internal.pc.CompilerAccess handleError
SEVERE: A severe compiler error occurred, full details of the error can be found in the error report D:\UCSC\Year 02\Y2S1\Functional Programming\Practicals\9\.metals\.reports\metals-full\2024-08-18\r_compiler-error_(9_eabf8badfb)_20-54-35-166.md
Aug 18, 2024 8:55:49 PM org.eclipse.lsp4j.jsonrpc.RemoteEndpoint handleCancellation
WARNING: Unmatched cancel notification for request id 851
Aug 18, 2024 8:56:00 PM org.eclipse.lsp4j.jsonrpc.RemoteEndpoint handleCancellation
WARNING: Unmatched cancel notification for request id 957
2024.08.18 20:56:29 INFO  compiling 9_eabf8badfb (1 scala source)
2024.08.18 20:56:29 INFO  time: compiled 9_eabf8badfb in 0.39s
2024.08.18 21:22:06 INFO  no build target found for D:\UCSC\Year 02\Y2S1\Functional Programming\Practicals\9\Q3.scala. Using presentation compiler with project's scala-library version: 3.3.3
2024.08.18 21:22:07 INFO  no build target found for D:\UCSC\Year 02\Y2S1\Functional Programming\Practicals\9\Q3.scala. Using presentation compiler with project's scala-library version: 3.3.3
2024.08.18 21:22:07 WARN  Could not find semantic tokens for: file:///D:/UCSC/Year%2002/Y2S1/Functional%20Programming/Practicals/9/Q3.scala
2024.08.18 21:22:07 INFO  running doctor check
2024.08.18 21:22:07 INFO  java targets: 9_eabf8badfb-test, 9_eabf8badfb
2024.08.18 21:22:07 INFO  compiling 9_eabf8badfb (1 scala source)
2024.08.18 21:22:07 INFO  time: compiled 9_eabf8badfb in 99ms
2024.08.18 21:22:07 INFO  time: indexed workspace in 0.95s
2024.08.18 21:22:08 WARN  Could not find semantic tokens for: file:///D:/UCSC/Year%2002/Y2S1/Functional%20Programming/Practicals/9/Q3.scala
2024.08.18 21:22:09 WARN  Could not find semantic tokens for: file:///D:/UCSC/Year%2002/Y2S1/Functional%20Programming/Practicals/9/Q3.scala
2024.08.18 21:22:09 WARN  Could not find semantic tokens for: file:///D:/UCSC/Year%2002/Y2S1/Functional%20Programming/Practicals/9/Q3.scala
2024.08.18 21:22:10 WARN  Could not find semantic tokens for: file:///D:/UCSC/Year%2002/Y2S1/Functional%20Programming/Practicals/9/Q3.scala
2024.08.18 21:22:10 WARN  Could not find semantic tokens for: file:///D:/UCSC/Year%2002/Y2S1/Functional%20Programming/Practicals/9/Q3.scala
Aug 18, 2024 9:22:19 PM org.eclipse.lsp4j.jsonrpc.RemoteEndpoint handleCancellation
WARNING: Unmatched cancel notification for request id 1319
2024.08.18 21:22:25 INFO  compiling 9_eabf8badfb (1 scala source)
2024.08.18 21:22:25 INFO  time: compiled 9_eabf8badfb in 0.21s
2024.08.18 21:23:21 INFO  compiling 9_eabf8badfb (1 scala source)
2024.08.18 21:23:21 INFO  time: compiled 9_eabf8badfb in 0.19s
2024.08.18 21:24:55 INFO  compiling 9_eabf8badfb (1 scala source)
2024.08.18 21:24:55 INFO  time: compiled 9_eabf8badfb in 0.18s
2024.08.18 21:25:23 INFO  compiling 9_eabf8badfb (1 scala source)
2024.08.18 21:25:23 INFO  time: compiled 9_eabf8badfb in 0.21s
2024.08.18 21:26:35 INFO  compiling 9_eabf8badfb (1 scala source)
2024.08.18 21:26:35 INFO  time: compiled 9_eabf8badfb in 0.16s
2024.08.18 21:27:34 INFO  compiling 9_eabf8badfb (1 scala source)
2024.08.18 21:27:34 INFO  time: compiled 9_eabf8badfb in 0.26s
2024.08.18 21:28:20 INFO  compiling 9_eabf8badfb (1 scala source)
2024.08.18 21:28:20 INFO  time: compiled 9_eabf8badfb in 0.25s
2024.08.18 21:33:46 INFO  compiling 9_eabf8badfb (1 scala source)
2024.08.18 21:33:46 INFO  time: compiled 9_eabf8badfb in 0.17s
2024.08.18 21:34:53 INFO  compiling 9_eabf8badfb (1 scala source)
2024.08.18 21:34:53 INFO  time: compiled 9_eabf8badfb in 0.15s
2024.08.18 21:35:37 INFO  compiling 9_eabf8badfb (1 scala source)
2024.08.18 21:35:37 INFO  time: compiled 9_eabf8badfb in 0.12s
2024.08.18 21:37:07 INFO  compiling 9_eabf8badfb (1 scala source)
2024.08.18 21:37:07 INFO  time: compiled 9_eabf8badfb in 0.12s
2024.08.18 21:37:38 INFO  compiling 9_eabf8badfb (1 scala source)
2024.08.18 21:37:38 INFO  time: compiled 9_eabf8badfb in 98ms
2024.08.18 21:38:34 INFO  compiling 9_eabf8badfb (1 scala source)
2024.08.18 21:38:34 INFO  time: compiled 9_eabf8badfb in 0.12s
2024.08.18 21:39:07 INFO  compiling 9_eabf8badfb (1 scala source)
2024.08.18 21:39:07 WARN  there was 1 deprecation warning; re-run with -deprecation for details
2024.08.18 21:39:07 INFO  time: compiled 9_eabf8badfb in 0.26s
2024.08.18 21:39:47 INFO  compiling 9_eabf8badfb (1 scala source)
2024.08.18 21:39:47 WARN  there was 1 deprecation warning; re-run with -deprecation for details
2024.08.18 21:39:47 INFO  time: compiled 9_eabf8badfb in 0.34s
2024.08.18 21:40:16 INFO  compiling 9_eabf8badfb (1 scala source)
2024.08.18 21:40:16 WARN  there was 1 deprecation warning; re-run with -deprecation for details
2024.08.18 21:40:16 INFO  time: compiled 9_eabf8badfb in 0.23s
2024.08.18 21:46:20 INFO  compiling 9_eabf8badfb (1 scala source)
2024.08.18 21:46:20 INFO  time: compiled 9_eabf8badfb in 0.28s
2024.08.18 21:49:06 INFO  Shutting down server
2024.08.18 21:49:06 INFO  shutting down Metals
2024.08.18 21:49:06 INFO  Shut down connection with build server.
2024.08.18 21:49:06 INFO  Exiting server
2024.08.27 11:20:43 INFO  Started: Metals version 1.3.5 in folders 'D:\UCSC\Year 02\Y2S1\Functional Programming\Practicals\9' for client Visual Studio Code 1.92.2.
SLF4J(W): Class path contains multiple SLF4J providers.
SLF4J(W): Found provider [scribe.slf4j.ScribeServiceProvider@24b83811]
SLF4J(W): Found provider [ch.qos.logback.classic.spi.LogbackServiceProvider@2df5604d]
SLF4J(W): See https://www.slf4j.org/codes.html#multiple_bindings for an explanation.
SLF4J(I): Actual provider is of type [scribe.slf4j.ScribeServiceProvider@24b83811]
2024.08.27 11:20:44 WARN  Flyway upgrade recommended: H2 2.3.230 is newer than this version of Flyway and support has not been tested. The latest supported version of H2 is 2.2.220.
2024.08.27 11:20:44 INFO  Attempting to connect to the build server...
2024.08.27 11:20:44 INFO  Running BSP server List(C:\Users\manet\AppData\Local\Coursier\data\bin\.scala-cli.aux.exe, bsp, --json-options, D:\UCSC\Year 02\Y2S1\Functional Programming\Practicals\9\.scala-build\ide-options-v2.json, --json-launcher-options, D:\UCSC\Year 02\Y2S1\Functional Programming\Practicals\9\.scala-build\ide-launcher-options.json, --envs-file, D:\UCSC\Year 02\Y2S1\Functional Programming\Practicals\9\.scala-build\ide-envs.json, D:\UCSC\Year 02\Y2S1\Functional Programming\Practicals\9)
2024.08.27 11:20:45 INFO  tracing is disabled for protocol BSP, to enable tracing of incoming and outgoing JSON messages create an empty file at D:\UCSC\Year 02\Y2S1\Functional Programming\Practicals\9\.metals\bsp.trace.json or C:\Users\manet\AppData\Local\scalameta\metals\cache\bsp.trace.json
2024.08.27 11:20:45 INFO  no build target found for D:\UCSC\Year 02\Y2S1\Functional Programming\Practicals\9\Q1.scala. Using presentation compiler with project's scala-library version: 3.3.3
2024.08.27 11:20:50 INFO  BSP server: Starting compilation server
2024.08.27 11:21:06 INFO  no build target found for D:\UCSC\Year 02\Y2S1\Functional Programming\Practicals\9\Q1.scala. Using presentation compiler with project's scala-library version: 3.3.3
2024.08.27 11:21:07 INFO  no build target found for D:\UCSC\Year 02\Y2S1\Functional Programming\Practicals\9\Q1.scala. Using presentation compiler with project's scala-library version: 3.3.3
2024.08.27 11:21:07 INFO  no build target found for D:\UCSC\Year 02\Y2S1\Functional Programming\Practicals\9\Q2.scala. Using presentation compiler with project's scala-library version: 3.3.3
2024.08.27 11:21:11 INFO  time: Connected to build server in 27s
2024.08.27 11:21:11 INFO  Connected to Build server: scala-cli v1.3.2
2024.08.27 11:21:12 INFO  time: Imported build in 0.17s
2024.08.27 11:21:12 INFO  running doctor check
2024.08.27 11:21:12 INFO  java targets: 9_eabf8badfb-test, 9_eabf8badfb
2024.08.27 11:21:17 WARN  Flyway upgrade recommended: H2 2.3.230 is newer than this version of Flyway and support has not been tested. The latest supported version of H2 is 2.2.220.
2024.08.27 11:21:17 INFO  time: indexed workspace in 5.88s
2024.08.27 11:42:32 INFO  Shutting down server
2024.08.27 11:42:32 INFO  shutting down Metals
2024.08.27 11:42:32 INFO  Shut down connection with build server.
2024.08.27 11:42:32 INFO  Exiting server
